<?xml version="1.0" encoding="UTF-8"?>
<!-- Generated by org.testng.reporters.JUnitReportReporter -->
<testsuite hostname="DESKTOP-CLTTIEV" failures="0" tests="1" name="testcases.Select_by_departmenttest" time="85.570" errors="0" timestamp="2023-06-01T13:01:30 IST" skipped="0">
  <testcase classname="testcases.Select_by_departmenttest" name="dept" time="85.570"/>
</testsuite> <!-- testcases.Select_by_departmenttest -->
