<?xml version="1.0" encoding="UTF-8"?>
<!-- Generated by org.testng.reporters.JUnitReportReporter -->
<testsuite hostname="DESKTOP-CLTTIEV" failures="0" tests="1" name="testcases.Signuptest" time="24.399" errors="0" timestamp="2023-06-01T13:01:30 IST" skipped="0">
  <testcase classname="testcases.Signuptest" name="newacnyt" time="24.399"/>
</testsuite> <!-- testcases.Signuptest -->
