<?xml version="1.0" encoding="UTF-8"?>
<!-- Generated by org.testng.reporters.JUnitReportReporter -->
<testsuite hostname="DESKTOP-CLTTIEV" failures="0" tests="2" name="testcases.Logintest" time="57.263" errors="0" timestamp="2023-06-01T13:01:30 IST" skipped="0">
  <testcase classname="testcases.Logintest" name="login" time="35.484"/>
  <testcase classname="testcases.Logintest" name="loginwithinvalid" time="21.779"/>
</testsuite> <!-- testcases.Logintest -->
